[2025-03-30T08:37:07.123Z] CastError: Cast to ObjectId failed for value "undefined" (type string) at path "_id" for model "User"
    at SchemaObjectId.cast (C:\Users\rutvi\OneDrive\Desktop\cuvette-react\CNNCT\server\node_modules\mongoose\lib\schema\objectId.js:251:11)
    at SchemaType.applySetters (C:\Users\rutvi\OneDrive\Desktop\cuvette-react\CNNCT\server\node_modules\mongoose\lib\schemaType.js:1255:12)
    at SchemaType.castForQuery (C:\Users\rutvi\OneDrive\Desktop\cuvette-react\CNNCT\server\node_modules\mongoose\lib\schemaType.js:1673:17)
    at cast (C:\Users\rutvi\OneDrive\Desktop\cuvette-react\CNNCT\server\node_modules\mongoose\lib\cast.js:390:32)
    at Query.cast (C:\Users\rutvi\OneDrive\Desktop\cuvette-react\CNNCT\server\node_modules\mongoose\lib\query.js:4907:12)
    at Query._castConditions (C:\Users\rutvi\OneDrive\Desktop\cuvette-react\CNNCT\server\node_modules\mongoose\lib\query.js:2325:10)
    at model.Query._findOne (C:\Users\rutvi\OneDrive\Desktop\cuvette-react\CNNCT\server\node_modules\mongoose\lib\query.js:2648:8)
    at model.Query.exec (C:\Users\rutvi\OneDrive\Desktop\cuvette-react\CNNCT\server\node_modules\mongoose\lib\query.js:4456:80)
    at process.processTicksAndRejections (node:internal/process/task_queues:105:5)
    at async file:///C:/Users/rutvi/OneDrive/Desktop/cuvette-react/CNNCT/server/routes/User.js:107:22
[2025-03-30T08:37:07.147Z] CastError: Cast to ObjectId failed for value "undefined" (type string) at path "_id" for model "User"
    at SchemaObjectId.cast (C:\Users\rutvi\OneDrive\Desktop\cuvette-react\CNNCT\server\node_modules\mongoose\lib\schema\objectId.js:251:11)
    at SchemaType.applySetters (C:\Users\rutvi\OneDrive\Desktop\cuvette-react\CNNCT\server\node_modules\mongoose\lib\schemaType.js:1255:12)
    at SchemaType.castForQuery (C:\Users\rutvi\OneDrive\Desktop\cuvette-react\CNNCT\server\node_modules\mongoose\lib\schemaType.js:1673:17)
    at cast (C:\Users\rutvi\OneDrive\Desktop\cuvette-react\CNNCT\server\node_modules\mongoose\lib\cast.js:390:32)
    at Query.cast (C:\Users\rutvi\OneDrive\Desktop\cuvette-react\CNNCT\server\node_modules\mongoose\lib\query.js:4907:12)
    at Query._castConditions (C:\Users\rutvi\OneDrive\Desktop\cuvette-react\CNNCT\server\node_modules\mongoose\lib\query.js:2325:10)
    at model.Query._findOne (C:\Users\rutvi\OneDrive\Desktop\cuvette-react\CNNCT\server\node_modules\mongoose\lib\query.js:2648:8)
    at model.Query.exec (C:\Users\rutvi\OneDrive\Desktop\cuvette-react\CNNCT\server\node_modules\mongoose\lib\query.js:4456:80)
    at process.processTicksAndRejections (node:internal/process/task_queues:105:5)
    at async file:///C:/Users/rutvi/OneDrive/Desktop/cuvette-react/CNNCT/server/routes/User.js:107:22
[2025-03-30T08:37:07.152Z] CastError: Cast to ObjectId failed for value "me" (type string) at path "_id" for model "User"
    at SchemaObjectId.cast (C:\Users\rutvi\OneDrive\Desktop\cuvette-react\CNNCT\server\node_modules\mongoose\lib\schema\objectId.js:251:11)
    at SchemaType.applySetters (C:\Users\rutvi\OneDrive\Desktop\cuvette-react\CNNCT\server\node_modules\mongoose\lib\schemaType.js:1255:12)
    at SchemaType.castForQuery (C:\Users\rutvi\OneDrive\Desktop\cuvette-react\CNNCT\server\node_modules\mongoose\lib\schemaType.js:1673:17)
    at cast (C:\Users\rutvi\OneDrive\Desktop\cuvette-react\CNNCT\server\node_modules\mongoose\lib\cast.js:390:32)
    at Query.cast (C:\Users\rutvi\OneDrive\Desktop\cuvette-react\CNNCT\server\node_modules\mongoose\lib\query.js:4907:12)
    at Query._castConditions (C:\Users\rutvi\OneDrive\Desktop\cuvette-react\CNNCT\server\node_modules\mongoose\lib\query.js:2325:10)
    at model.Query._findOne (C:\Users\rutvi\OneDrive\Desktop\cuvette-react\CNNCT\server\node_modules\mongoose\lib\query.js:2648:8)
    at model.Query.exec (C:\Users\rutvi\OneDrive\Desktop\cuvette-react\CNNCT\server\node_modules\mongoose\lib\query.js:4456:80)
    at process.processTicksAndRejections (node:internal/process/task_queues:105:5)
    at async file:///C:/Users/rutvi/OneDrive/Desktop/cuvette-react/CNNCT/server/routes/User.js:107:22
[2025-03-30T08:37:07.141Z] CastError: Cast to ObjectId failed for value "me" (type string) at path "_id" for model "User"
    at SchemaObjectId.cast (C:\Users\rutvi\OneDrive\Desktop\cuvette-react\CNNCT\server\node_modules\mongoose\lib\schema\objectId.js:251:11)
    at SchemaType.applySetters (C:\Users\rutvi\OneDrive\Desktop\cuvette-react\CNNCT\server\node_modules\mongoose\lib\schemaType.js:1255:12)
    at SchemaType.castForQuery (C:\Users\rutvi\OneDrive\Desktop\cuvette-react\CNNCT\server\node_modules\mongoose\lib\schemaType.js:1673:17)
    at cast (C:\Users\rutvi\OneDrive\Desktop\cuvette-react\CNNCT\server\node_modules\mongoose\lib\cast.js:390:32)
    at Query.cast (C:\Users\rutvi\OneDrive\Desktop\cuvette-react\CNNCT\server\node_modules\mongoose\lib\query.js:4907:12)
    at Query._castConditions (C:\Users\rutvi\OneDrive\Desktop\cuvette-react\CNNCT\server\node_modules\mongoose\lib\query.js:2325:10)
    at model.Query._findOne (C:\Users\rutvi\OneDrive\Desktop\cuvette-react\CNNCT\server\node_modules\mongoose\lib\query.js:2648:8)
    at model.Query.exec (C:\Users\rutvi\OneDrive\Desktop\cuvette-react\CNNCT\server\node_modules\mongoose\lib\query.js:4456:80)
    at process.processTicksAndRejections (node:internal/process/task_queues:105:5)
    at async file:///C:/Users/rutvi/OneDrive/Desktop/cuvette-react/CNNCT/server/routes/User.js:107:22
[2025-03-30T08:37:45.075Z] CastError: Cast to ObjectId failed for value "me" (type string) at path "_id" for model "User"
    at SchemaObjectId.cast (C:\Users\rutvi\OneDrive\Desktop\cuvette-react\CNNCT\server\node_modules\mongoose\lib\schema\objectId.js:251:11)
    at SchemaType.applySetters (C:\Users\rutvi\OneDrive\Desktop\cuvette-react\CNNCT\server\node_modules\mongoose\lib\schemaType.js:1255:12)
    at SchemaType.castForQuery (C:\Users\rutvi\OneDrive\Desktop\cuvette-react\CNNCT\server\node_modules\mongoose\lib\schemaType.js:1673:17)
    at cast (C:\Users\rutvi\OneDrive\Desktop\cuvette-react\CNNCT\server\node_modules\mongoose\lib\cast.js:390:32)
    at Query.cast (C:\Users\rutvi\OneDrive\Desktop\cuvette-react\CNNCT\server\node_modules\mongoose\lib\query.js:4907:12)
    at Query._castConditions (C:\Users\rutvi\OneDrive\Desktop\cuvette-react\CNNCT\server\node_modules\mongoose\lib\query.js:2325:10)
    at model.Query._findOne (C:\Users\rutvi\OneDrive\Desktop\cuvette-react\CNNCT\server\node_modules\mongoose\lib\query.js:2648:8)
    at model.Query.exec (C:\Users\rutvi\OneDrive\Desktop\cuvette-react\CNNCT\server\node_modules\mongoose\lib\query.js:4456:80)
    at process.processTicksAndRejections (node:internal/process/task_queues:105:5)
    at async file:///C:/Users/rutvi/OneDrive/Desktop/cuvette-react/CNNCT/server/routes/User.js:107:22
[2025-03-30T08:37:45.079Z] CastError: Cast to ObjectId failed for value "me" (type string) at path "_id" for model "User"
    at SchemaObjectId.cast (C:\Users\rutvi\OneDrive\Desktop\cuvette-react\CNNCT\server\node_modules\mongoose\lib\schema\objectId.js:251:11)
    at SchemaType.applySetters (C:\Users\rutvi\OneDrive\Desktop\cuvette-react\CNNCT\server\node_modules\mongoose\lib\schemaType.js:1255:12)
    at SchemaType.castForQuery (C:\Users\rutvi\OneDrive\Desktop\cuvette-react\CNNCT\server\node_modules\mongoose\lib\schemaType.js:1673:17)
    at cast (C:\Users\rutvi\OneDrive\Desktop\cuvette-react\CNNCT\server\node_modules\mongoose\lib\cast.js:390:32)
    at Query.cast (C:\Users\rutvi\OneDrive\Desktop\cuvette-react\CNNCT\server\node_modules\mongoose\lib\query.js:4907:12)
    at Query._castConditions (C:\Users\rutvi\OneDrive\Desktop\cuvette-react\CNNCT\server\node_modules\mongoose\lib\query.js:2325:10)
    at model.Query._findOne (C:\Users\rutvi\OneDrive\Desktop\cuvette-react\CNNCT\server\node_modules\mongoose\lib\query.js:2648:8)
    at model.Query.exec (C:\Users\rutvi\OneDrive\Desktop\cuvette-react\CNNCT\server\node_modules\mongoose\lib\query.js:4456:80)
    at process.processTicksAndRejections (node:internal/process/task_queues:105:5)
    at async file:///C:/Users/rutvi/OneDrive/Desktop/cuvette-react/CNNCT/server/routes/User.js:107:22
[2025-03-30T08:37:53.897Z] CastError: Cast to ObjectId failed for value "me" (type string) at path "_id" for model "User"
    at SchemaObjectId.cast (C:\Users\rutvi\OneDrive\Desktop\cuvette-react\CNNCT\server\node_modules\mongoose\lib\schema\objectId.js:251:11)
    at SchemaType.applySetters (C:\Users\rutvi\OneDrive\Desktop\cuvette-react\CNNCT\server\node_modules\mongoose\lib\schemaType.js:1255:12)
    at SchemaType.castForQuery (C:\Users\rutvi\OneDrive\Desktop\cuvette-react\CNNCT\server\node_modules\mongoose\lib\schemaType.js:1673:17)
    at cast (C:\Users\rutvi\OneDrive\Desktop\cuvette-react\CNNCT\server\node_modules\mongoose\lib\cast.js:390:32)
    at Query.cast (C:\Users\rutvi\OneDrive\Desktop\cuvette-react\CNNCT\server\node_modules\mongoose\lib\query.js:4907:12)
    at Query._castConditions (C:\Users\rutvi\OneDrive\Desktop\cuvette-react\CNNCT\server\node_modules\mongoose\lib\query.js:2325:10)
    at model.Query._findOne (C:\Users\rutvi\OneDrive\Desktop\cuvette-react\CNNCT\server\node_modules\mongoose\lib\query.js:2648:8)
    at model.Query.exec (C:\Users\rutvi\OneDrive\Desktop\cuvette-react\CNNCT\server\node_modules\mongoose\lib\query.js:4456:80)
    at process.processTicksAndRejections (node:internal/process/task_queues:105:5)
    at async file:///C:/Users/rutvi/OneDrive/Desktop/cuvette-react/CNNCT/server/routes/User.js:107:22
[2025-03-30T08:37:53.901Z] CastError: Cast to ObjectId failed for value "me" (type string) at path "_id" for model "User"
    at SchemaObjectId.cast (C:\Users\rutvi\OneDrive\Desktop\cuvette-react\CNNCT\server\node_modules\mongoose\lib\schema\objectId.js:251:11)
    at SchemaType.applySetters (C:\Users\rutvi\OneDrive\Desktop\cuvette-react\CNNCT\server\node_modules\mongoose\lib\schemaType.js:1255:12)
    at SchemaType.castForQuery (C:\Users\rutvi\OneDrive\Desktop\cuvette-react\CNNCT\server\node_modules\mongoose\lib\schemaType.js:1673:17)
    at cast (C:\Users\rutvi\OneDrive\Desktop\cuvette-react\CNNCT\server\node_modules\mongoose\lib\cast.js:390:32)
    at Query.cast (C:\Users\rutvi\OneDrive\Desktop\cuvette-react\CNNCT\server\node_modules\mongoose\lib\query.js:4907:12)
    at Query._castConditions (C:\Users\rutvi\OneDrive\Desktop\cuvette-react\CNNCT\server\node_modules\mongoose\lib\query.js:2325:10)
    at model.Query._findOne (C:\Users\rutvi\OneDrive\Desktop\cuvette-react\CNNCT\server\node_modules\mongoose\lib\query.js:2648:8)
    at model.Query.exec (C:\Users\rutvi\OneDrive\Desktop\cuvette-react\CNNCT\server\node_modules\mongoose\lib\query.js:4456:80)
    at process.processTicksAndRejections (node:internal/process/task_queues:105:5)
    at async file:///C:/Users/rutvi/OneDrive/Desktop/cuvette-react/CNNCT/server/routes/User.js:107:22
[2025-03-30T08:43:48.493Z] CastError: Cast to ObjectId failed for value "me" (type string) at path "_id" for model "User"
    at SchemaObjectId.cast (C:\Users\rutvi\OneDrive\Desktop\cuvette-react\CNNCT\server\node_modules\mongoose\lib\schema\objectId.js:251:11)
    at SchemaType.applySetters (C:\Users\rutvi\OneDrive\Desktop\cuvette-react\CNNCT\server\node_modules\mongoose\lib\schemaType.js:1255:12)
    at SchemaType.castForQuery (C:\Users\rutvi\OneDrive\Desktop\cuvette-react\CNNCT\server\node_modules\mongoose\lib\schemaType.js:1673:17)
    at cast (C:\Users\rutvi\OneDrive\Desktop\cuvette-react\CNNCT\server\node_modules\mongoose\lib\cast.js:390:32)
    at Query.cast (C:\Users\rutvi\OneDrive\Desktop\cuvette-react\CNNCT\server\node_modules\mongoose\lib\query.js:4907:12)
    at Query._castConditions (C:\Users\rutvi\OneDrive\Desktop\cuvette-react\CNNCT\server\node_modules\mongoose\lib\query.js:2325:10)
    at model.Query._findOne (C:\Users\rutvi\OneDrive\Desktop\cuvette-react\CNNCT\server\node_modules\mongoose\lib\query.js:2648:8)
    at model.Query.exec (C:\Users\rutvi\OneDrive\Desktop\cuvette-react\CNNCT\server\node_modules\mongoose\lib\query.js:4456:80)
    at process.processTicksAndRejections (node:internal/process/task_queues:105:5)
    at async file:///C:/Users/rutvi/OneDrive/Desktop/cuvette-react/CNNCT/server/routes/User.js:107:22
[2025-03-30T08:43:48.515Z] CastError: Cast to ObjectId failed for value "me" (type string) at path "_id" for model "User"
    at SchemaObjectId.cast (C:\Users\rutvi\OneDrive\Desktop\cuvette-react\CNNCT\server\node_modules\mongoose\lib\schema\objectId.js:251:11)
    at SchemaType.applySetters (C:\Users\rutvi\OneDrive\Desktop\cuvette-react\CNNCT\server\node_modules\mongoose\lib\schemaType.js:1255:12)
    at SchemaType.castForQuery (C:\Users\rutvi\OneDrive\Desktop\cuvette-react\CNNCT\server\node_modules\mongoose\lib\schemaType.js:1673:17)
    at cast (C:\Users\rutvi\OneDrive\Desktop\cuvette-react\CNNCT\server\node_modules\mongoose\lib\cast.js:390:32)
    at Query.cast (C:\Users\rutvi\OneDrive\Desktop\cuvette-react\CNNCT\server\node_modules\mongoose\lib\query.js:4907:12)
    at Query._castConditions (C:\Users\rutvi\OneDrive\Desktop\cuvette-react\CNNCT\server\node_modules\mongoose\lib\query.js:2325:10)
    at model.Query._findOne (C:\Users\rutvi\OneDrive\Desktop\cuvette-react\CNNCT\server\node_modules\mongoose\lib\query.js:2648:8)
    at model.Query.exec (C:\Users\rutvi\OneDrive\Desktop\cuvette-react\CNNCT\server\node_modules\mongoose\lib\query.js:4456:80)
    at process.processTicksAndRejections (node:internal/process/task_queues:105:5)
    at async file:///C:/Users/rutvi/OneDrive/Desktop/cuvette-react/CNNCT/server/routes/User.js:107:22
[2025-03-30T10:53:20.487Z] ReferenceError: hashedPassword is not defined
    at file:///C:/Users/rutvi/OneDrive/Desktop/cuvette-react/CNNCT/server/routes/User.js:110:111
[2025-03-30T17:09:42.723Z] ValidationError: Meeting validation failed: startTime: Cast to date failed for value "null" (type string) at path "startTime", bannerImg: Path `bannerImg` is required., timeZone: Path `timeZone` is required., backgroundColor: Path `backgroundColor` is required.
    at Document.invalidate (C:\Users\rutvi\OneDrive\Desktop\cuvette-react\CNNCT\server\node_modules\mongoose\lib\document.js:3329:32)
    at model.$set (C:\Users\rutvi\OneDrive\Desktop\cuvette-react\CNNCT\server\node_modules\mongoose\lib\document.js:1480:12)
    at model.$set (C:\Users\rutvi\OneDrive\Desktop\cuvette-react\CNNCT\server\node_modules\mongoose\lib\document.js:1132:16)
    at model.Document (C:\Users\rutvi\OneDrive\Desktop\cuvette-react\CNNCT\server\node_modules\mongoose\lib\document.js:178:12)
    at model.Model (C:\Users\rutvi\OneDrive\Desktop\cuvette-react\CNNCT\server\node_modules\mongoose\lib\model.js:128:12)
    at new model (C:\Users\rutvi\OneDrive\Desktop\cuvette-react\CNNCT\server\node_modules\mongoose\lib\model.js:4800:15)
    at file:///C:/Users/rutvi/OneDrive/Desktop/cuvette-react/CNNCT/server/routes/Meeting.js:33:20
    at Layer.handle [as handle_request] (C:\Users\rutvi\OneDrive\Desktop\cuvette-react\CNNCT\server\node_modules\express\lib\router\layer.js:95:5)
    at next (C:\Users\rutvi\OneDrive\Desktop\cuvette-react\CNNCT\server\node_modules\express\lib\router\route.js:149:13)
    at done (C:\Users\rutvi\OneDrive\Desktop\cuvette-react\CNNCT\server\node_modules\multer\lib\make-middleware.js:47:7)
[2025-03-30T17:13:01.483Z] ValidationError: Meeting validation failed: startTime: Cast to date failed for value "null" (type string) at path "startTime", timeZone: Path `timeZone` is required., backgroundColor: Path `backgroundColor` is required.
    at Document.invalidate (C:\Users\rutvi\OneDrive\Desktop\cuvette-react\CNNCT\server\node_modules\mongoose\lib\document.js:3329:32)
    at model.$set (C:\Users\rutvi\OneDrive\Desktop\cuvette-react\CNNCT\server\node_modules\mongoose\lib\document.js:1480:12)
    at model.$set (C:\Users\rutvi\OneDrive\Desktop\cuvette-react\CNNCT\server\node_modules\mongoose\lib\document.js:1132:16)
    at model.Document (C:\Users\rutvi\OneDrive\Desktop\cuvette-react\CNNCT\server\node_modules\mongoose\lib\document.js:178:12)
    at model.Model (C:\Users\rutvi\OneDrive\Desktop\cuvette-react\CNNCT\server\node_modules\mongoose\lib\model.js:128:12)
    at new model (C:\Users\rutvi\OneDrive\Desktop\cuvette-react\CNNCT\server\node_modules\mongoose\lib\model.js:4800:15)
    at file:///C:/Users/rutvi/OneDrive/Desktop/cuvette-react/CNNCT/server/routes/Meeting.js:34:20
    at Layer.handle [as handle_request] (C:\Users\rutvi\OneDrive\Desktop\cuvette-react\CNNCT\server\node_modules\express\lib\router\layer.js:95:5)
    at next (C:\Users\rutvi\OneDrive\Desktop\cuvette-react\CNNCT\server\node_modules\express\lib\router\route.js:149:13)
    at done (C:\Users\rutvi\OneDrive\Desktop\cuvette-react\CNNCT\server\node_modules\multer\lib\make-middleware.js:47:7)
[2025-03-30T17:20:25.873Z] ValidationError: Meeting validation failed: startTime: Cast to date failed for value "null" (type string) at path "startTime", timeZone: Path `timeZone` is required., backgroundColor: Path `backgroundColor` is required.
    at Document.invalidate (C:\Users\rutvi\OneDrive\Desktop\cuvette-react\CNNCT\server\node_modules\mongoose\lib\document.js:3329:32)
    at model.$set (C:\Users\rutvi\OneDrive\Desktop\cuvette-react\CNNCT\server\node_modules\mongoose\lib\document.js:1480:12)
    at model.$set (C:\Users\rutvi\OneDrive\Desktop\cuvette-react\CNNCT\server\node_modules\mongoose\lib\document.js:1132:16)
    at model.Document (C:\Users\rutvi\OneDrive\Desktop\cuvette-react\CNNCT\server\node_modules\mongoose\lib\document.js:178:12)
    at model.Model (C:\Users\rutvi\OneDrive\Desktop\cuvette-react\CNNCT\server\node_modules\mongoose\lib\model.js:128:12)
    at new model (C:\Users\rutvi\OneDrive\Desktop\cuvette-react\CNNCT\server\node_modules\mongoose\lib\model.js:4800:15)
    at file:///C:/Users/rutvi/OneDrive/Desktop/cuvette-react/CNNCT/server/routes/Meeting.js:34:20
    at Layer.handle [as handle_request] (C:\Users\rutvi\OneDrive\Desktop\cuvette-react\CNNCT\server\node_modules\express\lib\router\layer.js:95:5)
    at next (C:\Users\rutvi\OneDrive\Desktop\cuvette-react\CNNCT\server\node_modules\express\lib\router\route.js:149:13)
    at done (C:\Users\rutvi\OneDrive\Desktop\cuvette-react\CNNCT\server\node_modules\multer\lib\make-middleware.js:47:7)
[2025-03-30T17:20:54.895Z] ValidationError: Meeting validation failed: startTime: Cast to date failed for value "null" (type string) at path "startTime", timeZone: Path `timeZone` is required., backgroundColor: Path `backgroundColor` is required.
    at Document.invalidate (C:\Users\rutvi\OneDrive\Desktop\cuvette-react\CNNCT\server\node_modules\mongoose\lib\document.js:3329:32)
    at model.$set (C:\Users\rutvi\OneDrive\Desktop\cuvette-react\CNNCT\server\node_modules\mongoose\lib\document.js:1480:12)
    at model.$set (C:\Users\rutvi\OneDrive\Desktop\cuvette-react\CNNCT\server\node_modules\mongoose\lib\document.js:1132:16)
    at model.Document (C:\Users\rutvi\OneDrive\Desktop\cuvette-react\CNNCT\server\node_modules\mongoose\lib\document.js:178:12)
    at model.Model (C:\Users\rutvi\OneDrive\Desktop\cuvette-react\CNNCT\server\node_modules\mongoose\lib\model.js:128:12)
    at new model (C:\Users\rutvi\OneDrive\Desktop\cuvette-react\CNNCT\server\node_modules\mongoose\lib\model.js:4800:15)
    at file:///C:/Users/rutvi/OneDrive/Desktop/cuvette-react/CNNCT/server/routes/Meeting.js:34:20
    at Layer.handle [as handle_request] (C:\Users\rutvi\OneDrive\Desktop\cuvette-react\CNNCT\server\node_modules\express\lib\router\layer.js:95:5)
    at next (C:\Users\rutvi\OneDrive\Desktop\cuvette-react\CNNCT\server\node_modules\express\lib\router\route.js:149:13)
    at done (C:\Users\rutvi\OneDrive\Desktop\cuvette-react\CNNCT\server\node_modules\multer\lib\make-middleware.js:47:7)
[2025-03-30T17:24:27.294Z] ReferenceError: bannerColor is not defined
    at file:///C:/Users/rutvi/OneDrive/Desktop/cuvette-react/CNNCT/server/routes/Meeting.js:44:5
    at Layer.handle [as handle_request] (C:\Users\rutvi\OneDrive\Desktop\cuvette-react\CNNCT\server\node_modules\express\lib\router\layer.js:95:5)
    at next (C:\Users\rutvi\OneDrive\Desktop\cuvette-react\CNNCT\server\node_modules\express\lib\router\route.js:149:13)
    at done (C:\Users\rutvi\OneDrive\Desktop\cuvette-react\CNNCT\server\node_modules\multer\lib\make-middleware.js:47:7)
    at indicateDone (C:\Users\rutvi\OneDrive\Desktop\cuvette-react\CNNCT\server\node_modules\multer\lib\make-middleware.js:51:68)
    at C:\Users\rutvi\OneDrive\Desktop\cuvette-react\CNNCT\server\node_modules\multer\lib\make-middleware.js:157:11
    at WriteStream.<anonymous> (C:\Users\rutvi\OneDrive\Desktop\cuvette-react\CNNCT\server\node_modules\multer\storage\disk.js:43:9)
    at WriteStream.emit (node:events:536:35)
    at finish (node:internal/streams/writable:955:10)
    at node:internal/streams/writable:936:13
[2025-03-30T17:25:33.540Z] ReferenceError: bannerColor is not defined
    at file:///C:/Users/rutvi/OneDrive/Desktop/cuvette-react/CNNCT/server/routes/Meeting.js:44:5
    at Layer.handle [as handle_request] (C:\Users\rutvi\OneDrive\Desktop\cuvette-react\CNNCT\server\node_modules\express\lib\router\layer.js:95:5)
    at next (C:\Users\rutvi\OneDrive\Desktop\cuvette-react\CNNCT\server\node_modules\express\lib\router\route.js:149:13)
    at done (C:\Users\rutvi\OneDrive\Desktop\cuvette-react\CNNCT\server\node_modules\multer\lib\make-middleware.js:47:7)
    at indicateDone (C:\Users\rutvi\OneDrive\Desktop\cuvette-react\CNNCT\server\node_modules\multer\lib\make-middleware.js:51:68)
    at C:\Users\rutvi\OneDrive\Desktop\cuvette-react\CNNCT\server\node_modules\multer\lib\make-middleware.js:157:11
    at WriteStream.<anonymous> (C:\Users\rutvi\OneDrive\Desktop\cuvette-react\CNNCT\server\node_modules\multer\storage\disk.js:43:9)
    at WriteStream.emit (node:events:536:35)
    at finish (node:internal/streams/writable:955:10)
    at node:internal/streams/writable:936:13
[2025-03-30T17:27:07.728Z] ValidationError: Meeting validation failed: startTime: Cast to date failed for value "null" (type string) at path "startTime"
    at Document.invalidate (C:\Users\rutvi\OneDrive\Desktop\cuvette-react\CNNCT\server\node_modules\mongoose\lib\document.js:3329:32)
    at model.$set (C:\Users\rutvi\OneDrive\Desktop\cuvette-react\CNNCT\server\node_modules\mongoose\lib\document.js:1480:12)
    at model.$set (C:\Users\rutvi\OneDrive\Desktop\cuvette-react\CNNCT\server\node_modules\mongoose\lib\document.js:1132:16)
    at model.Document (C:\Users\rutvi\OneDrive\Desktop\cuvette-react\CNNCT\server\node_modules\mongoose\lib\document.js:178:12)
    at model.Model (C:\Users\rutvi\OneDrive\Desktop\cuvette-react\CNNCT\server\node_modules\mongoose\lib\model.js:128:12)
    at new model (C:\Users\rutvi\OneDrive\Desktop\cuvette-react\CNNCT\server\node_modules\mongoose\lib\model.js:4800:15)
    at file:///C:/Users/rutvi/OneDrive/Desktop/cuvette-react/CNNCT/server/routes/Meeting.js:34:20
    at Layer.handle [as handle_request] (C:\Users\rutvi\OneDrive\Desktop\cuvette-react\CNNCT\server\node_modules\express\lib\router\layer.js:95:5)
    at next (C:\Users\rutvi\OneDrive\Desktop\cuvette-react\CNNCT\server\node_modules\express\lib\router\route.js:149:13)
    at done (C:\Users\rutvi\OneDrive\Desktop\cuvette-react\CNNCT\server\node_modules\multer\lib\make-middleware.js:47:7)
[2025-03-30T17:29:14.606Z] ValidationError: Meeting validation failed: startTime: Cast to date failed for value "null" (type string) at path "startTime"
    at Document.invalidate (C:\Users\rutvi\OneDrive\Desktop\cuvette-react\CNNCT\server\node_modules\mongoose\lib\document.js:3329:32)
    at model.$set (C:\Users\rutvi\OneDrive\Desktop\cuvette-react\CNNCT\server\node_modules\mongoose\lib\document.js:1480:12)
    at model.$set (C:\Users\rutvi\OneDrive\Desktop\cuvette-react\CNNCT\server\node_modules\mongoose\lib\document.js:1132:16)
    at model.Document (C:\Users\rutvi\OneDrive\Desktop\cuvette-react\CNNCT\server\node_modules\mongoose\lib\document.js:178:12)
    at model.Model (C:\Users\rutvi\OneDrive\Desktop\cuvette-react\CNNCT\server\node_modules\mongoose\lib\model.js:128:12)
    at new model (C:\Users\rutvi\OneDrive\Desktop\cuvette-react\CNNCT\server\node_modules\mongoose\lib\model.js:4800:15)
    at file:///C:/Users/rutvi/OneDrive/Desktop/cuvette-react/CNNCT/server/routes/Meeting.js:34:20
    at Layer.handle [as handle_request] (C:\Users\rutvi\OneDrive\Desktop\cuvette-react\CNNCT\server\node_modules\express\lib\router\layer.js:95:5)
    at next (C:\Users\rutvi\OneDrive\Desktop\cuvette-react\CNNCT\server\node_modules\express\lib\router\route.js:149:13)
    at done (C:\Users\rutvi\OneDrive\Desktop\cuvette-react\CNNCT\server\node_modules\multer\lib\make-middleware.js:47:7)
