[2025-03-31T04:37:28.961Z] ValidationError: Meeting validation failed: startTime: Cast to date failed for value "null" (type string) at path "startTime"
    at Document.invalidate (C:\Users\rutvi\OneDrive\Desktop\cuvette-react\CNNCT\server\node_modules\mongoose\lib\document.js:3329:32)
    at model.$set (C:\Users\rutvi\OneDrive\Desktop\cuvette-react\CNNCT\server\node_modules\mongoose\lib\document.js:1480:12)
    at model.$set (C:\Users\rutvi\OneDrive\Desktop\cuvette-react\CNNCT\server\node_modules\mongoose\lib\document.js:1132:16)
    at model.Document (C:\Users\rutvi\OneDrive\Desktop\cuvette-react\CNNCT\server\node_modules\mongoose\lib\document.js:178:12)
    at model.Model (C:\Users\rutvi\OneDrive\Desktop\cuvette-react\CNNCT\server\node_modules\mongoose\lib\model.js:128:12)
    at new model (C:\Users\rutvi\OneDrive\Desktop\cuvette-react\CNNCT\server\node_modules\mongoose\lib\model.js:4800:15)
    at file:///C:/Users/rutvi/OneDrive/Desktop/cuvette-react/CNNCT/server/routes/Meeting.js:34:20
    at Layer.handle [as handle_request] (C:\Users\rutvi\OneDrive\Desktop\cuvette-react\CNNCT\server\node_modules\express\lib\router\layer.js:95:5)
    at next (C:\Users\rutvi\OneDrive\Desktop\cuvette-react\CNNCT\server\node_modules\express\lib\router\route.js:149:13)
    at done (C:\Users\rutvi\OneDrive\Desktop\cuvette-react\CNNCT\server\node_modules\multer\lib\make-middleware.js:47:7)
[2025-03-31T04:38:01.898Z] ValidationError: Meeting validation failed: startTime: Cast to date failed for value "null" (type string) at path "startTime"
    at Document.invalidate (C:\Users\rutvi\OneDrive\Desktop\cuvette-react\CNNCT\server\node_modules\mongoose\lib\document.js:3329:32)
    at model.$set (C:\Users\rutvi\OneDrive\Desktop\cuvette-react\CNNCT\server\node_modules\mongoose\lib\document.js:1480:12)
    at model.$set (C:\Users\rutvi\OneDrive\Desktop\cuvette-react\CNNCT\server\node_modules\mongoose\lib\document.js:1132:16)
    at model.Document (C:\Users\rutvi\OneDrive\Desktop\cuvette-react\CNNCT\server\node_modules\mongoose\lib\document.js:178:12)
    at model.Model (C:\Users\rutvi\OneDrive\Desktop\cuvette-react\CNNCT\server\node_modules\mongoose\lib\model.js:128:12)
    at new model (C:\Users\rutvi\OneDrive\Desktop\cuvette-react\CNNCT\server\node_modules\mongoose\lib\model.js:4800:15)
    at file:///C:/Users/rutvi/OneDrive/Desktop/cuvette-react/CNNCT/server/routes/Meeting.js:34:20
    at Layer.handle [as handle_request] (C:\Users\rutvi\OneDrive\Desktop\cuvette-react\CNNCT\server\node_modules\express\lib\router\layer.js:95:5)
    at next (C:\Users\rutvi\OneDrive\Desktop\cuvette-react\CNNCT\server\node_modules\express\lib\router\route.js:149:13)
    at done (C:\Users\rutvi\OneDrive\Desktop\cuvette-react\CNNCT\server\node_modules\multer\lib\make-middleware.js:47:7)
[2025-03-31T05:03:33.547Z] ValidationError: Meeting validation failed: startTime: Cast to date failed for value "null" (type string) at path "startTime", duration: Path `duration` is required.
    at Document.invalidate (C:\Users\rutvi\OneDrive\Desktop\cuvette-react\CNNCT\server\node_modules\mongoose\lib\document.js:3329:32)
    at model.$set (C:\Users\rutvi\OneDrive\Desktop\cuvette-react\CNNCT\server\node_modules\mongoose\lib\document.js:1480:12)
    at model.$set (C:\Users\rutvi\OneDrive\Desktop\cuvette-react\CNNCT\server\node_modules\mongoose\lib\document.js:1132:16)
    at model.Document (C:\Users\rutvi\OneDrive\Desktop\cuvette-react\CNNCT\server\node_modules\mongoose\lib\document.js:178:12)
    at model.Model (C:\Users\rutvi\OneDrive\Desktop\cuvette-react\CNNCT\server\node_modules\mongoose\lib\model.js:128:12)
    at new model (C:\Users\rutvi\OneDrive\Desktop\cuvette-react\CNNCT\server\node_modules\mongoose\lib\model.js:4800:15)
    at file:///C:/Users/rutvi/OneDrive/Desktop/cuvette-react/CNNCT/server/routes/Meeting.js:34:20
    at Layer.handle [as handle_request] (C:\Users\rutvi\OneDrive\Desktop\cuvette-react\CNNCT\server\node_modules\express\lib\router\layer.js:95:5)
    at next (C:\Users\rutvi\OneDrive\Desktop\cuvette-react\CNNCT\server\node_modules\express\lib\router\route.js:149:13)
    at done (C:\Users\rutvi\OneDrive\Desktop\cuvette-react\CNNCT\server\node_modules\multer\lib\make-middleware.js:47:7)
[2025-03-31T05:03:44.703Z] ValidationError: Meeting validation failed: startTime: Cast to date failed for value "null" (type string) at path "startTime", duration: Path `duration` is required.
    at Document.invalidate (C:\Users\rutvi\OneDrive\Desktop\cuvette-react\CNNCT\server\node_modules\mongoose\lib\document.js:3329:32)
    at model.$set (C:\Users\rutvi\OneDrive\Desktop\cuvette-react\CNNCT\server\node_modules\mongoose\lib\document.js:1480:12)
    at model.$set (C:\Users\rutvi\OneDrive\Desktop\cuvette-react\CNNCT\server\node_modules\mongoose\lib\document.js:1132:16)
    at model.Document (C:\Users\rutvi\OneDrive\Desktop\cuvette-react\CNNCT\server\node_modules\mongoose\lib\document.js:178:12)
    at model.Model (C:\Users\rutvi\OneDrive\Desktop\cuvette-react\CNNCT\server\node_modules\mongoose\lib\model.js:128:12)
    at new model (C:\Users\rutvi\OneDrive\Desktop\cuvette-react\CNNCT\server\node_modules\mongoose\lib\model.js:4800:15)
    at file:///C:/Users/rutvi/OneDrive/Desktop/cuvette-react/CNNCT/server/routes/Meeting.js:34:20
    at Layer.handle [as handle_request] (C:\Users\rutvi\OneDrive\Desktop\cuvette-react\CNNCT\server\node_modules\express\lib\router\layer.js:95:5)
    at next (C:\Users\rutvi\OneDrive\Desktop\cuvette-react\CNNCT\server\node_modules\express\lib\router\route.js:149:13)
    at done (C:\Users\rutvi\OneDrive\Desktop\cuvette-react\CNNCT\server\node_modules\multer\lib\make-middleware.js:47:7)
[2025-03-31T08:03:06.442Z] ReferenceError: hostId is not defined
    at file:///C:/Users/rutvi/OneDrive/Desktop/cuvette-react/CNNCT/server/routes/Meeting.js:87:28
    at Layer.handle [as handle_request] (C:\Users\rutvi\OneDrive\Desktop\cuvette-react\CNNCT\server\node_modules\express\lib\router\layer.js:95:5)
    at next (C:\Users\rutvi\OneDrive\Desktop\cuvette-react\CNNCT\server\node_modules\express\lib\router\route.js:149:13)
    at Route.dispatch (C:\Users\rutvi\OneDrive\Desktop\cuvette-react\CNNCT\server\node_modules\express\lib\router\route.js:119:3)
    at Layer.handle [as handle_request] (C:\Users\rutvi\OneDrive\Desktop\cuvette-react\CNNCT\server\node_modules\express\lib\router\layer.js:95:5)
    at C:\Users\rutvi\OneDrive\Desktop\cuvette-react\CNNCT\server\node_modules\express\lib\router\index.js:284:15
    at Function.process_params (C:\Users\rutvi\OneDrive\Desktop\cuvette-react\CNNCT\server\node_modules\express\lib\router\index.js:346:12)
    at next (C:\Users\rutvi\OneDrive\Desktop\cuvette-react\CNNCT\server\node_modules\express\lib\router\index.js:280:10)
    at Function.handle (C:\Users\rutvi\OneDrive\Desktop\cuvette-react\CNNCT\server\node_modules\express\lib\router\index.js:175:3)
    at router (C:\Users\rutvi\OneDrive\Desktop\cuvette-react\CNNCT\server\node_modules\express\lib\router\index.js:47:12)
[2025-03-31T08:03:06.478Z] ReferenceError: hostId is not defined
    at file:///C:/Users/rutvi/OneDrive/Desktop/cuvette-react/CNNCT/server/routes/Meeting.js:87:28
    at Layer.handle [as handle_request] (C:\Users\rutvi\OneDrive\Desktop\cuvette-react\CNNCT\server\node_modules\express\lib\router\layer.js:95:5)
    at next (C:\Users\rutvi\OneDrive\Desktop\cuvette-react\CNNCT\server\node_modules\express\lib\router\route.js:149:13)
    at Route.dispatch (C:\Users\rutvi\OneDrive\Desktop\cuvette-react\CNNCT\server\node_modules\express\lib\router\route.js:119:3)
    at Layer.handle [as handle_request] (C:\Users\rutvi\OneDrive\Desktop\cuvette-react\CNNCT\server\node_modules\express\lib\router\layer.js:95:5)
    at C:\Users\rutvi\OneDrive\Desktop\cuvette-react\CNNCT\server\node_modules\express\lib\router\index.js:284:15
    at Function.process_params (C:\Users\rutvi\OneDrive\Desktop\cuvette-react\CNNCT\server\node_modules\express\lib\router\index.js:346:12)
    at next (C:\Users\rutvi\OneDrive\Desktop\cuvette-react\CNNCT\server\node_modules\express\lib\router\index.js:280:10)
    at Function.handle (C:\Users\rutvi\OneDrive\Desktop\cuvette-react\CNNCT\server\node_modules\express\lib\router\index.js:175:3)
    at router (C:\Users\rutvi\OneDrive\Desktop\cuvette-react\CNNCT\server\node_modules\express\lib\router\index.js:47:12)
[2025-03-31T08:03:16.474Z] ReferenceError: hostId is not defined
    at file:///C:/Users/rutvi/OneDrive/Desktop/cuvette-react/CNNCT/server/routes/Meeting.js:87:28
    at Layer.handle [as handle_request] (C:\Users\rutvi\OneDrive\Desktop\cuvette-react\CNNCT\server\node_modules\express\lib\router\layer.js:95:5)
    at next (C:\Users\rutvi\OneDrive\Desktop\cuvette-react\CNNCT\server\node_modules\express\lib\router\route.js:149:13)
    at Route.dispatch (C:\Users\rutvi\OneDrive\Desktop\cuvette-react\CNNCT\server\node_modules\express\lib\router\route.js:119:3)
    at Layer.handle [as handle_request] (C:\Users\rutvi\OneDrive\Desktop\cuvette-react\CNNCT\server\node_modules\express\lib\router\layer.js:95:5)
    at C:\Users\rutvi\OneDrive\Desktop\cuvette-react\CNNCT\server\node_modules\express\lib\router\index.js:284:15
    at Function.process_params (C:\Users\rutvi\OneDrive\Desktop\cuvette-react\CNNCT\server\node_modules\express\lib\router\index.js:346:12)
    at next (C:\Users\rutvi\OneDrive\Desktop\cuvette-react\CNNCT\server\node_modules\express\lib\router\index.js:280:10)
    at Function.handle (C:\Users\rutvi\OneDrive\Desktop\cuvette-react\CNNCT\server\node_modules\express\lib\router\index.js:175:3)
    at router (C:\Users\rutvi\OneDrive\Desktop\cuvette-react\CNNCT\server\node_modules\express\lib\router\index.js:47:12)
[2025-03-31T08:03:41.447Z] ReferenceError: hostId is not defined
    at file:///C:/Users/rutvi/OneDrive/Desktop/cuvette-react/CNNCT/server/routes/Meeting.js:87:28
    at Layer.handle [as handle_request] (C:\Users\rutvi\OneDrive\Desktop\cuvette-react\CNNCT\server\node_modules\express\lib\router\layer.js:95:5)
    at next (C:\Users\rutvi\OneDrive\Desktop\cuvette-react\CNNCT\server\node_modules\express\lib\router\route.js:149:13)
    at Route.dispatch (C:\Users\rutvi\OneDrive\Desktop\cuvette-react\CNNCT\server\node_modules\express\lib\router\route.js:119:3)
    at Layer.handle [as handle_request] (C:\Users\rutvi\OneDrive\Desktop\cuvette-react\CNNCT\server\node_modules\express\lib\router\layer.js:95:5)
    at C:\Users\rutvi\OneDrive\Desktop\cuvette-react\CNNCT\server\node_modules\express\lib\router\index.js:284:15
    at Function.process_params (C:\Users\rutvi\OneDrive\Desktop\cuvette-react\CNNCT\server\node_modules\express\lib\router\index.js:346:12)
    at next (C:\Users\rutvi\OneDrive\Desktop\cuvette-react\CNNCT\server\node_modules\express\lib\router\index.js:280:10)
    at Function.handle (C:\Users\rutvi\OneDrive\Desktop\cuvette-react\CNNCT\server\node_modules\express\lib\router\index.js:175:3)
    at router (C:\Users\rutvi\OneDrive\Desktop\cuvette-react\CNNCT\server\node_modules\express\lib\router\index.js:47:12)
[2025-03-31T08:03:41.459Z] ReferenceError: hostId is not defined
    at file:///C:/Users/rutvi/OneDrive/Desktop/cuvette-react/CNNCT/server/routes/Meeting.js:87:28
    at Layer.handle [as handle_request] (C:\Users\rutvi\OneDrive\Desktop\cuvette-react\CNNCT\server\node_modules\express\lib\router\layer.js:95:5)
    at next (C:\Users\rutvi\OneDrive\Desktop\cuvette-react\CNNCT\server\node_modules\express\lib\router\route.js:149:13)
    at Route.dispatch (C:\Users\rutvi\OneDrive\Desktop\cuvette-react\CNNCT\server\node_modules\express\lib\router\route.js:119:3)
    at Layer.handle [as handle_request] (C:\Users\rutvi\OneDrive\Desktop\cuvette-react\CNNCT\server\node_modules\express\lib\router\layer.js:95:5)
    at C:\Users\rutvi\OneDrive\Desktop\cuvette-react\CNNCT\server\node_modules\express\lib\router\index.js:284:15
    at Function.process_params (C:\Users\rutvi\OneDrive\Desktop\cuvette-react\CNNCT\server\node_modules\express\lib\router\index.js:346:12)
    at next (C:\Users\rutvi\OneDrive\Desktop\cuvette-react\CNNCT\server\node_modules\express\lib\router\index.js:280:10)
    at Function.handle (C:\Users\rutvi\OneDrive\Desktop\cuvette-react\CNNCT\server\node_modules\express\lib\router\index.js:175:3)
    at router (C:\Users\rutvi\OneDrive\Desktop\cuvette-react\CNNCT\server\node_modules\express\lib\router\index.js:47:12)
[2025-03-31T08:06:14.712Z] ReferenceError: hostId is not defined
    at file:///C:/Users/rutvi/OneDrive/Desktop/cuvette-react/CNNCT/server/routes/Meeting.js:87:28
    at Layer.handle [as handle_request] (C:\Users\rutvi\OneDrive\Desktop\cuvette-react\CNNCT\server\node_modules\express\lib\router\layer.js:95:5)
    at next (C:\Users\rutvi\OneDrive\Desktop\cuvette-react\CNNCT\server\node_modules\express\lib\router\route.js:149:13)
    at Route.dispatch (C:\Users\rutvi\OneDrive\Desktop\cuvette-react\CNNCT\server\node_modules\express\lib\router\route.js:119:3)
    at Layer.handle [as handle_request] (C:\Users\rutvi\OneDrive\Desktop\cuvette-react\CNNCT\server\node_modules\express\lib\router\layer.js:95:5)
    at C:\Users\rutvi\OneDrive\Desktop\cuvette-react\CNNCT\server\node_modules\express\lib\router\index.js:284:15
    at Function.process_params (C:\Users\rutvi\OneDrive\Desktop\cuvette-react\CNNCT\server\node_modules\express\lib\router\index.js:346:12)
    at next (C:\Users\rutvi\OneDrive\Desktop\cuvette-react\CNNCT\server\node_modules\express\lib\router\index.js:280:10)
    at Function.handle (C:\Users\rutvi\OneDrive\Desktop\cuvette-react\CNNCT\server\node_modules\express\lib\router\index.js:175:3)
    at router (C:\Users\rutvi\OneDrive\Desktop\cuvette-react\CNNCT\server\node_modules\express\lib\router\index.js:47:12)
[2025-03-31T08:06:14.715Z] ReferenceError: hostId is not defined
    at file:///C:/Users/rutvi/OneDrive/Desktop/cuvette-react/CNNCT/server/routes/Meeting.js:87:28
    at Layer.handle [as handle_request] (C:\Users\rutvi\OneDrive\Desktop\cuvette-react\CNNCT\server\node_modules\express\lib\router\layer.js:95:5)
    at next (C:\Users\rutvi\OneDrive\Desktop\cuvette-react\CNNCT\server\node_modules\express\lib\router\route.js:149:13)
    at Route.dispatch (C:\Users\rutvi\OneDrive\Desktop\cuvette-react\CNNCT\server\node_modules\express\lib\router\route.js:119:3)
    at Layer.handle [as handle_request] (C:\Users\rutvi\OneDrive\Desktop\cuvette-react\CNNCT\server\node_modules\express\lib\router\layer.js:95:5)
    at C:\Users\rutvi\OneDrive\Desktop\cuvette-react\CNNCT\server\node_modules\express\lib\router\index.js:284:15
    at Function.process_params (C:\Users\rutvi\OneDrive\Desktop\cuvette-react\CNNCT\server\node_modules\express\lib\router\index.js:346:12)
    at next (C:\Users\rutvi\OneDrive\Desktop\cuvette-react\CNNCT\server\node_modules\express\lib\router\index.js:280:10)
    at Function.handle (C:\Users\rutvi\OneDrive\Desktop\cuvette-react\CNNCT\server\node_modules\express\lib\router\index.js:175:3)
    at router (C:\Users\rutvi\OneDrive\Desktop\cuvette-react\CNNCT\server\node_modules\express\lib\router\index.js:47:12)
[2025-03-31T08:06:30.533Z] ReferenceError: hostId is not defined
    at file:///C:/Users/rutvi/OneDrive/Desktop/cuvette-react/CNNCT/server/routes/Meeting.js:87:28
    at Layer.handle [as handle_request] (C:\Users\rutvi\OneDrive\Desktop\cuvette-react\CNNCT\server\node_modules\express\lib\router\layer.js:95:5)
    at next (C:\Users\rutvi\OneDrive\Desktop\cuvette-react\CNNCT\server\node_modules\express\lib\router\route.js:149:13)
    at Route.dispatch (C:\Users\rutvi\OneDrive\Desktop\cuvette-react\CNNCT\server\node_modules\express\lib\router\route.js:119:3)
    at Layer.handle [as handle_request] (C:\Users\rutvi\OneDrive\Desktop\cuvette-react\CNNCT\server\node_modules\express\lib\router\layer.js:95:5)
    at C:\Users\rutvi\OneDrive\Desktop\cuvette-react\CNNCT\server\node_modules\express\lib\router\index.js:284:15
    at Function.process_params (C:\Users\rutvi\OneDrive\Desktop\cuvette-react\CNNCT\server\node_modules\express\lib\router\index.js:346:12)
    at next (C:\Users\rutvi\OneDrive\Desktop\cuvette-react\CNNCT\server\node_modules\express\lib\router\index.js:280:10)
    at Function.handle (C:\Users\rutvi\OneDrive\Desktop\cuvette-react\CNNCT\server\node_modules\express\lib\router\index.js:175:3)
    at router (C:\Users\rutvi\OneDrive\Desktop\cuvette-react\CNNCT\server\node_modules\express\lib\router\index.js:47:12)
[2025-03-31T08:06:30.549Z] ReferenceError: hostId is not defined
    at file:///C:/Users/rutvi/OneDrive/Desktop/cuvette-react/CNNCT/server/routes/Meeting.js:87:28
    at Layer.handle [as handle_request] (C:\Users\rutvi\OneDrive\Desktop\cuvette-react\CNNCT\server\node_modules\express\lib\router\layer.js:95:5)
    at next (C:\Users\rutvi\OneDrive\Desktop\cuvette-react\CNNCT\server\node_modules\express\lib\router\route.js:149:13)
    at Route.dispatch (C:\Users\rutvi\OneDrive\Desktop\cuvette-react\CNNCT\server\node_modules\express\lib\router\route.js:119:3)
    at Layer.handle [as handle_request] (C:\Users\rutvi\OneDrive\Desktop\cuvette-react\CNNCT\server\node_modules\express\lib\router\layer.js:95:5)
    at C:\Users\rutvi\OneDrive\Desktop\cuvette-react\CNNCT\server\node_modules\express\lib\router\index.js:284:15
    at Function.process_params (C:\Users\rutvi\OneDrive\Desktop\cuvette-react\CNNCT\server\node_modules\express\lib\router\index.js:346:12)
    at next (C:\Users\rutvi\OneDrive\Desktop\cuvette-react\CNNCT\server\node_modules\express\lib\router\index.js:280:10)
    at Function.handle (C:\Users\rutvi\OneDrive\Desktop\cuvette-react\CNNCT\server\node_modules\express\lib\router\index.js:175:3)
    at router (C:\Users\rutvi\OneDrive\Desktop\cuvette-react\CNNCT\server\node_modules\express\lib\router\index.js:47:12)
[2025-03-31T08:10:46.012Z] ReferenceError: hostId is not defined
    at file:///C:/Users/rutvi/OneDrive/Desktop/cuvette-react/CNNCT/server/routes/Meeting.js:88:28
    at Layer.handle [as handle_request] (C:\Users\rutvi\OneDrive\Desktop\cuvette-react\CNNCT\server\node_modules\express\lib\router\layer.js:95:5)
    at next (C:\Users\rutvi\OneDrive\Desktop\cuvette-react\CNNCT\server\node_modules\express\lib\router\route.js:149:13)
    at Route.dispatch (C:\Users\rutvi\OneDrive\Desktop\cuvette-react\CNNCT\server\node_modules\express\lib\router\route.js:119:3)
    at Layer.handle [as handle_request] (C:\Users\rutvi\OneDrive\Desktop\cuvette-react\CNNCT\server\node_modules\express\lib\router\layer.js:95:5)
    at C:\Users\rutvi\OneDrive\Desktop\cuvette-react\CNNCT\server\node_modules\express\lib\router\index.js:284:15
    at Function.process_params (C:\Users\rutvi\OneDrive\Desktop\cuvette-react\CNNCT\server\node_modules\express\lib\router\index.js:346:12)
    at next (C:\Users\rutvi\OneDrive\Desktop\cuvette-react\CNNCT\server\node_modules\express\lib\router\index.js:280:10)
    at Function.handle (C:\Users\rutvi\OneDrive\Desktop\cuvette-react\CNNCT\server\node_modules\express\lib\router\index.js:175:3)
    at router (C:\Users\rutvi\OneDrive\Desktop\cuvette-react\CNNCT\server\node_modules\express\lib\router\index.js:47:12)
[2025-03-31T08:10:46.022Z] ReferenceError: hostId is not defined
    at file:///C:/Users/rutvi/OneDrive/Desktop/cuvette-react/CNNCT/server/routes/Meeting.js:88:28
    at Layer.handle [as handle_request] (C:\Users\rutvi\OneDrive\Desktop\cuvette-react\CNNCT\server\node_modules\express\lib\router\layer.js:95:5)
    at next (C:\Users\rutvi\OneDrive\Desktop\cuvette-react\CNNCT\server\node_modules\express\lib\router\route.js:149:13)
    at Route.dispatch (C:\Users\rutvi\OneDrive\Desktop\cuvette-react\CNNCT\server\node_modules\express\lib\router\route.js:119:3)
    at Layer.handle [as handle_request] (C:\Users\rutvi\OneDrive\Desktop\cuvette-react\CNNCT\server\node_modules\express\lib\router\layer.js:95:5)
    at C:\Users\rutvi\OneDrive\Desktop\cuvette-react\CNNCT\server\node_modules\express\lib\router\index.js:284:15
    at Function.process_params (C:\Users\rutvi\OneDrive\Desktop\cuvette-react\CNNCT\server\node_modules\express\lib\router\index.js:346:12)
    at next (C:\Users\rutvi\OneDrive\Desktop\cuvette-react\CNNCT\server\node_modules\express\lib\router\index.js:280:10)
    at Function.handle (C:\Users\rutvi\OneDrive\Desktop\cuvette-react\CNNCT\server\node_modules\express\lib\router\index.js:175:3)
    at router (C:\Users\rutvi\OneDrive\Desktop\cuvette-react\CNNCT\server\node_modules\express\lib\router\index.js:47:12)
[2025-03-31T08:10:53.357Z] ReferenceError: hostId is not defined
    at file:///C:/Users/rutvi/OneDrive/Desktop/cuvette-react/CNNCT/server/routes/Meeting.js:88:28
    at Layer.handle [as handle_request] (C:\Users\rutvi\OneDrive\Desktop\cuvette-react\CNNCT\server\node_modules\express\lib\router\layer.js:95:5)
    at next (C:\Users\rutvi\OneDrive\Desktop\cuvette-react\CNNCT\server\node_modules\express\lib\router\route.js:149:13)
    at Route.dispatch (C:\Users\rutvi\OneDrive\Desktop\cuvette-react\CNNCT\server\node_modules\express\lib\router\route.js:119:3)
    at Layer.handle [as handle_request] (C:\Users\rutvi\OneDrive\Desktop\cuvette-react\CNNCT\server\node_modules\express\lib\router\layer.js:95:5)
    at C:\Users\rutvi\OneDrive\Desktop\cuvette-react\CNNCT\server\node_modules\express\lib\router\index.js:284:15
    at Function.process_params (C:\Users\rutvi\OneDrive\Desktop\cuvette-react\CNNCT\server\node_modules\express\lib\router\index.js:346:12)
    at next (C:\Users\rutvi\OneDrive\Desktop\cuvette-react\CNNCT\server\node_modules\express\lib\router\index.js:280:10)
    at Function.handle (C:\Users\rutvi\OneDrive\Desktop\cuvette-react\CNNCT\server\node_modules\express\lib\router\index.js:175:3)
    at router (C:\Users\rutvi\OneDrive\Desktop\cuvette-react\CNNCT\server\node_modules\express\lib\router\index.js:47:12)
[2025-03-31T08:11:42.099Z] ReferenceError: userId is not defined
    at file:///C:/Users/rutvi/OneDrive/Desktop/cuvette-react/CNNCT/server/routes/Meeting.js:87:9
    at Layer.handle [as handle_request] (C:\Users\rutvi\OneDrive\Desktop\cuvette-react\CNNCT\server\node_modules\express\lib\router\layer.js:95:5)
    at next (C:\Users\rutvi\OneDrive\Desktop\cuvette-react\CNNCT\server\node_modules\express\lib\router\route.js:149:13)
    at Route.dispatch (C:\Users\rutvi\OneDrive\Desktop\cuvette-react\CNNCT\server\node_modules\express\lib\router\route.js:119:3)
    at Layer.handle [as handle_request] (C:\Users\rutvi\OneDrive\Desktop\cuvette-react\CNNCT\server\node_modules\express\lib\router\layer.js:95:5)
    at C:\Users\rutvi\OneDrive\Desktop\cuvette-react\CNNCT\server\node_modules\express\lib\router\index.js:284:15
    at Function.process_params (C:\Users\rutvi\OneDrive\Desktop\cuvette-react\CNNCT\server\node_modules\express\lib\router\index.js:346:12)
    at next (C:\Users\rutvi\OneDrive\Desktop\cuvette-react\CNNCT\server\node_modules\express\lib\router\index.js:280:10)
    at Function.handle (C:\Users\rutvi\OneDrive\Desktop\cuvette-react\CNNCT\server\node_modules\express\lib\router\index.js:175:3)
    at router (C:\Users\rutvi\OneDrive\Desktop\cuvette-react\CNNCT\server\node_modules\express\lib\router\index.js:47:12)
[2025-03-31T08:21:25.795Z] ReferenceError: mongoose is not defined
    at file:///C:/Users/rutvi/OneDrive/Desktop/cuvette-react/CNNCT/server/routes/Meeting.js:86:30
    at Layer.handle [as handle_request] (C:\Users\rutvi\OneDrive\Desktop\cuvette-react\CNNCT\server\node_modules\express\lib\router\layer.js:95:5)
    at next (C:\Users\rutvi\OneDrive\Desktop\cuvette-react\CNNCT\server\node_modules\express\lib\router\route.js:149:13)
    at Route.dispatch (C:\Users\rutvi\OneDrive\Desktop\cuvette-react\CNNCT\server\node_modules\express\lib\router\route.js:119:3)
    at Layer.handle [as handle_request] (C:\Users\rutvi\OneDrive\Desktop\cuvette-react\CNNCT\server\node_modules\express\lib\router\layer.js:95:5)
    at C:\Users\rutvi\OneDrive\Desktop\cuvette-react\CNNCT\server\node_modules\express\lib\router\index.js:284:15
    at Function.process_params (C:\Users\rutvi\OneDrive\Desktop\cuvette-react\CNNCT\server\node_modules\express\lib\router\index.js:346:12)
    at next (C:\Users\rutvi\OneDrive\Desktop\cuvette-react\CNNCT\server\node_modules\express\lib\router\index.js:280:10)
    at Function.handle (C:\Users\rutvi\OneDrive\Desktop\cuvette-react\CNNCT\server\node_modules\express\lib\router\index.js:175:3)
    at router (C:\Users\rutvi\OneDrive\Desktop\cuvette-react\CNNCT\server\node_modules\express\lib\router\index.js:47:12)
[2025-03-31T08:21:25.833Z] ReferenceError: mongoose is not defined
    at file:///C:/Users/rutvi/OneDrive/Desktop/cuvette-react/CNNCT/server/routes/Meeting.js:86:30
    at Layer.handle [as handle_request] (C:\Users\rutvi\OneDrive\Desktop\cuvette-react\CNNCT\server\node_modules\express\lib\router\layer.js:95:5)
    at next (C:\Users\rutvi\OneDrive\Desktop\cuvette-react\CNNCT\server\node_modules\express\lib\router\route.js:149:13)
    at Route.dispatch (C:\Users\rutvi\OneDrive\Desktop\cuvette-react\CNNCT\server\node_modules\express\lib\router\route.js:119:3)
    at Layer.handle [as handle_request] (C:\Users\rutvi\OneDrive\Desktop\cuvette-react\CNNCT\server\node_modules\express\lib\router\layer.js:95:5)
    at C:\Users\rutvi\OneDrive\Desktop\cuvette-react\CNNCT\server\node_modules\express\lib\router\index.js:284:15
    at Function.process_params (C:\Users\rutvi\OneDrive\Desktop\cuvette-react\CNNCT\server\node_modules\express\lib\router\index.js:346:12)
    at next (C:\Users\rutvi\OneDrive\Desktop\cuvette-react\CNNCT\server\node_modules\express\lib\router\index.js:280:10)
    at Function.handle (C:\Users\rutvi\OneDrive\Desktop\cuvette-react\CNNCT\server\node_modules\express\lib\router\index.js:175:3)
    at router (C:\Users\rutvi\OneDrive\Desktop\cuvette-react\CNNCT\server\node_modules\express\lib\router\index.js:47:12)
[2025-03-31T08:21:53.816Z] TypeError: Class constructor ObjectId cannot be invoked without 'new'
    at file:///C:/Users/rutvi/OneDrive/Desktop/cuvette-react/CNNCT/server/routes/Meeting.js:87:45
    at Layer.handle [as handle_request] (C:\Users\rutvi\OneDrive\Desktop\cuvette-react\CNNCT\server\node_modules\express\lib\router\layer.js:95:5)
    at next (C:\Users\rutvi\OneDrive\Desktop\cuvette-react\CNNCT\server\node_modules\express\lib\router\route.js:149:13)
    at Route.dispatch (C:\Users\rutvi\OneDrive\Desktop\cuvette-react\CNNCT\server\node_modules\express\lib\router\route.js:119:3)
    at Layer.handle [as handle_request] (C:\Users\rutvi\OneDrive\Desktop\cuvette-react\CNNCT\server\node_modules\express\lib\router\layer.js:95:5)
    at C:\Users\rutvi\OneDrive\Desktop\cuvette-react\CNNCT\server\node_modules\express\lib\router\index.js:284:15
    at Function.process_params (C:\Users\rutvi\OneDrive\Desktop\cuvette-react\CNNCT\server\node_modules\express\lib\router\index.js:346:12)
    at next (C:\Users\rutvi\OneDrive\Desktop\cuvette-react\CNNCT\server\node_modules\express\lib\router\index.js:280:10)
    at Function.handle (C:\Users\rutvi\OneDrive\Desktop\cuvette-react\CNNCT\server\node_modules\express\lib\router\index.js:175:3)
    at router (C:\Users\rutvi\OneDrive\Desktop\cuvette-react\CNNCT\server\node_modules\express\lib\router\index.js:47:12)
[2025-03-31T08:21:53.834Z] TypeError: Class constructor ObjectId cannot be invoked without 'new'
    at file:///C:/Users/rutvi/OneDrive/Desktop/cuvette-react/CNNCT/server/routes/Meeting.js:87:45
    at Layer.handle [as handle_request] (C:\Users\rutvi\OneDrive\Desktop\cuvette-react\CNNCT\server\node_modules\express\lib\router\layer.js:95:5)
    at next (C:\Users\rutvi\OneDrive\Desktop\cuvette-react\CNNCT\server\node_modules\express\lib\router\route.js:149:13)
    at Route.dispatch (C:\Users\rutvi\OneDrive\Desktop\cuvette-react\CNNCT\server\node_modules\express\lib\router\route.js:119:3)
    at Layer.handle [as handle_request] (C:\Users\rutvi\OneDrive\Desktop\cuvette-react\CNNCT\server\node_modules\express\lib\router\layer.js:95:5)
    at C:\Users\rutvi\OneDrive\Desktop\cuvette-react\CNNCT\server\node_modules\express\lib\router\index.js:284:15
    at Function.process_params (C:\Users\rutvi\OneDrive\Desktop\cuvette-react\CNNCT\server\node_modules\express\lib\router\index.js:346:12)
    at next (C:\Users\rutvi\OneDrive\Desktop\cuvette-react\CNNCT\server\node_modules\express\lib\router\index.js:280:10)
    at Function.handle (C:\Users\rutvi\OneDrive\Desktop\cuvette-react\CNNCT\server\node_modules\express\lib\router\index.js:175:3)
    at router (C:\Users\rutvi\OneDrive\Desktop\cuvette-react\CNNCT\server\node_modules\express\lib\router\index.js:47:12)
[2025-03-31T08:23:09.623Z] TypeError: Class constructor ObjectId cannot be invoked without 'new'
    at file:///C:/Users/rutvi/OneDrive/Desktop/cuvette-react/CNNCT/server/routes/Meeting.js:87:45
    at Layer.handle [as handle_request] (C:\Users\rutvi\OneDrive\Desktop\cuvette-react\CNNCT\server\node_modules\express\lib\router\layer.js:95:5)
    at next (C:\Users\rutvi\OneDrive\Desktop\cuvette-react\CNNCT\server\node_modules\express\lib\router\route.js:149:13)
    at Route.dispatch (C:\Users\rutvi\OneDrive\Desktop\cuvette-react\CNNCT\server\node_modules\express\lib\router\route.js:119:3)
    at Layer.handle [as handle_request] (C:\Users\rutvi\OneDrive\Desktop\cuvette-react\CNNCT\server\node_modules\express\lib\router\layer.js:95:5)
    at C:\Users\rutvi\OneDrive\Desktop\cuvette-react\CNNCT\server\node_modules\express\lib\router\index.js:284:15
    at Function.process_params (C:\Users\rutvi\OneDrive\Desktop\cuvette-react\CNNCT\server\node_modules\express\lib\router\index.js:346:12)
    at next (C:\Users\rutvi\OneDrive\Desktop\cuvette-react\CNNCT\server\node_modules\express\lib\router\index.js:280:10)
    at Function.handle (C:\Users\rutvi\OneDrive\Desktop\cuvette-react\CNNCT\server\node_modules\express\lib\router\index.js:175:3)
    at router (C:\Users\rutvi\OneDrive\Desktop\cuvette-react\CNNCT\server\node_modules\express\lib\router\index.js:47:12)
[2025-03-31T08:23:09.637Z] TypeError: Class constructor ObjectId cannot be invoked without 'new'
    at file:///C:/Users/rutvi/OneDrive/Desktop/cuvette-react/CNNCT/server/routes/Meeting.js:87:45
    at Layer.handle [as handle_request] (C:\Users\rutvi\OneDrive\Desktop\cuvette-react\CNNCT\server\node_modules\express\lib\router\layer.js:95:5)
    at next (C:\Users\rutvi\OneDrive\Desktop\cuvette-react\CNNCT\server\node_modules\express\lib\router\route.js:149:13)
    at Route.dispatch (C:\Users\rutvi\OneDrive\Desktop\cuvette-react\CNNCT\server\node_modules\express\lib\router\route.js:119:3)
    at Layer.handle [as handle_request] (C:\Users\rutvi\OneDrive\Desktop\cuvette-react\CNNCT\server\node_modules\express\lib\router\layer.js:95:5)
    at C:\Users\rutvi\OneDrive\Desktop\cuvette-react\CNNCT\server\node_modules\express\lib\router\index.js:284:15
    at Function.process_params (C:\Users\rutvi\OneDrive\Desktop\cuvette-react\CNNCT\server\node_modules\express\lib\router\index.js:346:12)
    at next (C:\Users\rutvi\OneDrive\Desktop\cuvette-react\CNNCT\server\node_modules\express\lib\router\index.js:280:10)
    at Function.handle (C:\Users\rutvi\OneDrive\Desktop\cuvette-react\CNNCT\server\node_modules\express\lib\router\index.js:175:3)
    at router (C:\Users\rutvi\OneDrive\Desktop\cuvette-react\CNNCT\server\node_modules\express\lib\router\index.js:47:12)
[2025-03-31T08:33:56.466Z] ReferenceError: mongoose is not defined
    at file:///C:/Users/rutvi/OneDrive/Desktop/cuvette-react/CNNCT/server/routes/Meeting.js:86:30
    at Layer.handle [as handle_request] (C:\Users\rutvi\OneDrive\Desktop\cuvette-react\CNNCT\server\node_modules\express\lib\router\layer.js:95:5)
    at next (C:\Users\rutvi\OneDrive\Desktop\cuvette-react\CNNCT\server\node_modules\express\lib\router\route.js:149:13)
    at Route.dispatch (C:\Users\rutvi\OneDrive\Desktop\cuvette-react\CNNCT\server\node_modules\express\lib\router\route.js:119:3)
    at Layer.handle [as handle_request] (C:\Users\rutvi\OneDrive\Desktop\cuvette-react\CNNCT\server\node_modules\express\lib\router\layer.js:95:5)
    at C:\Users\rutvi\OneDrive\Desktop\cuvette-react\CNNCT\server\node_modules\express\lib\router\index.js:284:15
    at Function.process_params (C:\Users\rutvi\OneDrive\Desktop\cuvette-react\CNNCT\server\node_modules\express\lib\router\index.js:346:12)
    at next (C:\Users\rutvi\OneDrive\Desktop\cuvette-react\CNNCT\server\node_modules\express\lib\router\index.js:280:10)
    at Function.handle (C:\Users\rutvi\OneDrive\Desktop\cuvette-react\CNNCT\server\node_modules\express\lib\router\index.js:175:3)
    at router (C:\Users\rutvi\OneDrive\Desktop\cuvette-react\CNNCT\server\node_modules\express\lib\router\index.js:47:12)
[2025-03-31T08:33:56.485Z] ReferenceError: mongoose is not defined
    at file:///C:/Users/rutvi/OneDrive/Desktop/cuvette-react/CNNCT/server/routes/Meeting.js:86:30
    at Layer.handle [as handle_request] (C:\Users\rutvi\OneDrive\Desktop\cuvette-react\CNNCT\server\node_modules\express\lib\router\layer.js:95:5)
    at next (C:\Users\rutvi\OneDrive\Desktop\cuvette-react\CNNCT\server\node_modules\express\lib\router\route.js:149:13)
    at Route.dispatch (C:\Users\rutvi\OneDrive\Desktop\cuvette-react\CNNCT\server\node_modules\express\lib\router\route.js:119:3)
    at Layer.handle [as handle_request] (C:\Users\rutvi\OneDrive\Desktop\cuvette-react\CNNCT\server\node_modules\express\lib\router\layer.js:95:5)
    at C:\Users\rutvi\OneDrive\Desktop\cuvette-react\CNNCT\server\node_modules\express\lib\router\index.js:284:15
    at Function.process_params (C:\Users\rutvi\OneDrive\Desktop\cuvette-react\CNNCT\server\node_modules\express\lib\router\index.js:346:12)
    at next (C:\Users\rutvi\OneDrive\Desktop\cuvette-react\CNNCT\server\node_modules\express\lib\router\index.js:280:10)
    at Function.handle (C:\Users\rutvi\OneDrive\Desktop\cuvette-react\CNNCT\server\node_modules\express\lib\router\index.js:175:3)
    at router (C:\Users\rutvi\OneDrive\Desktop\cuvette-react\CNNCT\server\node_modules\express\lib\router\index.js:47:12)
[2025-03-31T08:41:27.319Z] ReferenceError: mongoose is not defined
    at file:///C:/Users/rutvi/OneDrive/Desktop/cuvette-react/CNNCT/server/routes/Meeting.js:87:25
    at Layer.handle [as handle_request] (C:\Users\rutvi\OneDrive\Desktop\cuvette-react\CNNCT\server\node_modules\express\lib\router\layer.js:95:5)
    at next (C:\Users\rutvi\OneDrive\Desktop\cuvette-react\CNNCT\server\node_modules\express\lib\router\route.js:149:13)
    at Route.dispatch (C:\Users\rutvi\OneDrive\Desktop\cuvette-react\CNNCT\server\node_modules\express\lib\router\route.js:119:3)
    at Layer.handle [as handle_request] (C:\Users\rutvi\OneDrive\Desktop\cuvette-react\CNNCT\server\node_modules\express\lib\router\layer.js:95:5)
    at C:\Users\rutvi\OneDrive\Desktop\cuvette-react\CNNCT\server\node_modules\express\lib\router\index.js:284:15
    at Function.process_params (C:\Users\rutvi\OneDrive\Desktop\cuvette-react\CNNCT\server\node_modules\express\lib\router\index.js:346:12)
    at next (C:\Users\rutvi\OneDrive\Desktop\cuvette-react\CNNCT\server\node_modules\express\lib\router\index.js:280:10)
    at Function.handle (C:\Users\rutvi\OneDrive\Desktop\cuvette-react\CNNCT\server\node_modules\express\lib\router\index.js:175:3)
    at router (C:\Users\rutvi\OneDrive\Desktop\cuvette-react\CNNCT\server\node_modules\express\lib\router\index.js:47:12)
